<?xml version="1.0" encoding="UTF-8"?>
<testng-results total="1" passed="1" failed="0" skipped="0">
  <reporter-output>
  </reporter-output>
  <suite started-at="2021-07-16T16:40:08Z" name="Default suite" finished-at="2021-07-16T16:40:41Z" duration-ms="32363">
    <groups>
      <group name="cucumber">
        <method signature="AbstractTestNGCucumberTests.feature(cucumber.api.testng.CucumberFeatureWrapper)[pri:0, instance:com.osa.pages.TestRunner@2cbb3d47]" name="feature" class="cucumber.api.testng.AbstractTestNGCucumberTests"/>
      </group> <!-- cucumber -->
    </groups>
    <test started-at="2021-07-16T16:40:08Z" name="Default test" finished-at="2021-07-16T16:40:41Z" duration-ms="32363">
      <class name="com.osa.pages.TestRunner">
        <test-method is-config="true" signature="beforeSuite()[pri:0, instance:com.osa.pages.TestRunner@2cbb3d47]" started-at="2021-07-16T12:40:08Z" name="beforeSuite" finished-at="2021-07-16T12:40:08Z" duration-ms="17" status="PASS">
          <reporter-output>
          </reporter-output>
        </test-method> <!-- beforeSuite -->
        <test-method is-config="true" signature="setUpClass()[pri:0, instance:com.osa.pages.TestRunner@2cbb3d47]" started-at="2021-07-16T12:40:08Z" name="setUpClass" finished-at="2021-07-16T12:40:09Z" duration-ms="441" status="PASS">
          <reporter-output>
          </reporter-output>
        </test-method> <!-- setUpClass -->
        <test-method signature="feature(cucumber.api.testng.CucumberFeatureWrapper)[pri:0, instance:com.osa.pages.TestRunner@2cbb3d47]" started-at="2021-07-16T12:40:09Z" name="feature" description="Runs Cucumber Feature" data-provider="features" finished-at="2021-07-16T12:40:41Z" duration-ms="31697" status="PASS">
          <params>
            <param index="0">
              <value>
                <![CDATA[OSA login Test.]]>
              </value>
            </param>
          </params>
          <reporter-output>
          </reporter-output>
        </test-method> <!-- feature -->
        <test-method is-config="true" signature="tearDownClass()[pri:0, instance:com.osa.pages.TestRunner@2cbb3d47]" started-at="2021-07-16T12:40:41Z" name="tearDownClass" finished-at="2021-07-16T12:40:41Z" duration-ms="30" status="PASS">
          <reporter-output>
          </reporter-output>
        </test-method> <!-- tearDownClass -->
        <test-method is-config="true" signature="afterSuite()[pri:0, instance:com.osa.pages.TestRunner@2cbb3d47]" started-at="2021-07-16T12:40:41Z" name="afterSuite" finished-at="2021-07-16T12:40:41Z" duration-ms="1" status="PASS">
          <reporter-output>
          </reporter-output>
        </test-method> <!-- afterSuite -->
      </class> <!-- com.osa.pages.TestRunner -->
    </test> <!-- Default test -->
  </suite> <!-- Default suite -->
</testng-results>
